<?xml version="1.0" encoding="UTF-8"?>
<!-- Generated by org.testng.reporters.JUnitReportReporter -->
<testsuite hostname="DESKTOP-653N01I" failures="0" tests="3" name="tests.LoginTest" time="21.639" errors="0" timestamp="2021-10-04T13:58:55 IST" skipped="0">
  <testcase classname="tests.LoginTest" name="loginWithValidCredentails" time="10.271"/>
  <system-out/>
  <testcase classname="tests.LoginTest" name="loginWithInvalidEmailAddressAndValidPassword" time="5.716"/>
  <system-out/>
  <testcase classname="tests.LoginTest" name="loginWithValidEmailAddressAndInvalidValidPassword" time="5.652"/>
  <system-out/>
</testsuite> <!-- tests.LoginTest -->
