<?xml version="1.0" encoding="UTF-8"?>
<!-- Generated by org.testng.reporters.JUnitReportReporter -->
<testsuite hostname="DESKTOP-653N01I" failures="0" tests="3" name="tests.LoginTest" time="16.591" errors="0" timestamp="2021-10-04T13:17:22 IST" skipped="0">
  <testcase classname="tests.LoginTest" name="loginWithValidCredentails" time="5.436"/>
  <system-out/>
  <testcase classname="tests.LoginTest" name="loginWithInvalidEmailAddressAndValidPassword" time="5.511"/>
  <system-out/>
  <testcase classname="tests.LoginTest" name="loginWithValidEmailAddressAndInvalidValidPassword" time="5.644"/>
  <system-out/>
</testsuite> <!-- tests.LoginTest -->
