<?xml version="1.0" encoding="UTF-8"?>
<!-- Generated by org.testng.reporters.JUnitReportReporter -->
<testsuite hostname="DESKTOP-653N01I" failures="0" tests="2" name="tests.RegisterTest" time="20.752" errors="0" timestamp="2021-10-04T13:17:22 IST" skipped="0">
  <testcase classname="tests.RegisterTest" name="registerNewAccountByProvidingAllDetails" time="13.086"/>
  <system-out/>
  <testcase classname="tests.RegisterTest" name="registerNewAccountByProvidingMandatoryDetails" time="7.666"/>
  <system-out/>
</testsuite> <!-- tests.RegisterTest -->
